<?xml version="1.0" encoding="utf-8"?><testsuites><testsuite name="pytest" errors="0" failures="0" skipped="0" tests="3" time="31.606" timestamp="2021-09-01T23:02:56.059661" hostname="DESKTOP-E9PTPQ7"><testcase classname="test_endtoend.TestOne" name="test_e2e" time="17.968" /><testcase classname="test_home_page.TestHomePage" name="test_form_submission[get_data0]" time="6.612" /><testcase classname="test_home_page.TestHomePage" name="test_form_submission[get_data1]" time="6.908" /></testsuite></testsuites>